barostat=lv
barostat_gammaP=1.0
barostat_mass=50.0
barostat_tau=5.0
cg_cutoff=1.4
check_topology=False
conf=conf.gro
coulomb_cutoff=0.9
coulomb_epsilon1=1.0
coulomb_epsilon2=80.0
coulomb_kappa=0.0
count_fix_distances=False
count_tuples=False
dt=0.001
energy_collect=1000
eq_steps=0
exclusion_list=exclusion_topol.list
gen_velocity=False
int_step=1000
kb=0.0083144621
keep_simulation=False
lj_cutoff=1.4
mass_factor=1.6605402
max_force=100000.0
maximum_conversion=C:1800:2000
output_file=trjout.h5
output_prefix=sim
rate_arrhenius=False
rng_seed=5443
run=100000
save_before_reaction=False
skin=0.38
start_ar=0
stop_ar=-1
store_angdih=False
store_charge=False
store_force=False
store_lambda=False
store_mass=False
store_position=True
store_pressure=False
store_res_id=True
store_single_precision=True
store_species=True
store_state=True
store_velocity=False
t_hybrid_angle=0
t_hybrid_bond=1200
t_hybrid_dihedral=0
table_groups=A,B,C,D,E,W
temperature=533.0
thermostat=lv
thermostat_gamma=15.0
top=topol.top
topol_collect=1000
trj_collect=1000
