barostat=lv
barostat_gammaP=1.0
barostat_mass=50.0
barostat_tau=5.0
cg_cutoff=1.4
check_topology=False
conf=conf.gro
coulomb_cutoff=0.9
coulomb_epsilon1=1.0
coulomb_epsilon2=80.0
coulomb_kappa=0.0
count_fix_distances=False
count_tuples=False
dt=0.001
energy_collect=1000
eq_steps=0
exclusion_list=exclusion_topol.list
gen_velocity=False
int_step=1000
kb=0.0083144621
keep_simulation=False
lj_cutoff=1.4
mass_factor=1.6605402
max_force=-1
output_file=trjout.h5
output_prefix=long0
rate_arrhenius=False
reactions=reaction.cfg
rng_seed=67221
run=2500000
save_before_reaction=True
skin=0.1
start_ar=5000000
stop_ar=-1
store_angdih=False
store_charge=False
store_force=False
store_lambda=False
store_mass=True
store_position=True
store_pressure=False
store_res_id=True
store_single_precision=True
store_species=True
store_state=True
store_velocity=False
t_hybrid_angle=0
t_hybrid_bond=0
t_hybrid_dihedral=0
table_groups=A,B,C,D,E,W
temperature=298.0
thermostat=lv
thermostat_gamma=1.0
top=topol.top
topol_collect=1000
trj_collect=1000
